[debug] [2023-06-09T06:51:39.528Z] ----------------------------------------------------------------------
[debug] [2023-06-09T06:51:39.530Z] Command:       C:\Program Files\nodejs\node.exe C:\Users\simom_xiang\AppData\Roaming\npm\node_modules\firebase-tools\lib\bin\firebase.js login --interactive
[debug] [2023-06-09T06:51:39.530Z] CLI Version:   12.3.1
[debug] [2023-06-09T06:51:39.531Z] Platform:      win32
[debug] [2023-06-09T06:51:39.531Z] Node Version:  v18.16.0
[debug] [2023-06-09T06:51:39.532Z] Time:          Fri Jun 09 2023 14:51:39 GMT+0800 (中国标准时间)
[debug] [2023-06-09T06:51:39.532Z] ----------------------------------------------------------------------
[debug] 
[info] i  Firebase optionally collects CLI and Emulator Suite usage and error reporting information to help improve our products. Data is collected in accordance with Google's privacy policy (https://policies.google.com/privacy) and is not used to identify you.
 
[info] i  To change your data collection preference at any time, run `firebase logout` and log in again. 
[info] 
[info] Visit this URL on this device to log in:
[info] https://accounts.google.com/o/oauth2/auth?client_id=563584335869-fgrhgmd47bqnekij5i8b5pr03ho849e6.apps.googleusercontent.com&scope=email%20openid%20https%3A%2F%2Fwww.googleapis.com%2Fauth%2Fcloudplatformprojects.readonly%20https%3A%2F%2Fwww.googleapis.com%2Fauth%2Ffirebase%20https%3A%2F%2Fwww.googleapis.com%2Fauth%2Fcloud-platform&response_type=code&state=329464117&redirect_uri=http%3A%2F%2Flocalhost%3A9005
[info] 
[info] Waiting for authentication...
[debug] [2023-06-09T06:51:52.092Z] >>> [apiv2][query] POST https://accounts.google.com/o/oauth2/token [none]
[debug] [2023-06-09T06:51:52.092Z] >>> [apiv2][body] POST https://accounts.google.com/o/oauth2/token [omitted]
[debug] [2023-06-09T06:52:13.187Z] Token Fetch Error: FirebaseError: Failed to make request to https://accounts.google.com/o/oauth2/token
    at RetryOperation._fn (C:\Users\simom_xiang\AppData\Roaming\npm\node_modules\firebase-tools\lib\apiv2.js:242:31)
    at process.processTicksAndRejections (node:internal/process/task_queues:95:5)
[debug] [2023-06-09T06:52:13.192Z] >>> [apiv2][query] POST https://auth.firebase.tools/attest [none]
[debug] [2023-06-09T06:52:13.192Z] >>> [apiv2][body] POST https://auth.firebase.tools/attest {"session_id":"042edda3-dba9-4993-bfe2-a83abe752d57"}
[debug] [2023-06-09T06:52:13.755Z] <<< [apiv2][status] POST https://auth.firebase.tools/attest 200
[debug] [2023-06-09T06:52:13.755Z] <<< [apiv2][body] POST https://auth.firebase.tools/attest {"token":"IHB-a7UiIFXOG6zXdVr_s4YoehgcRIUaaIMMPFIFl9g"}
[info] 
[info] To sign in to the Firebase CLI:
[info] 
[info] 1. Take note of your session ID:
[info] 
[info]    042ED
[info] 
[info] 2. Visit the URL below on any device and follow the instructions to get your code:
[info] 
[info]    https://auth.firebase.tools/login?code_challenge=KtbuYlhs-4aY1_ZxrfGQ-JgIrTGnBkihrduN-Oo2z2E&session=042edda3-dba9-4993-bfe2-a83abe752d57&attest=IHB-a7UiIFXOG6zXdVr_s4YoehgcRIUaaIMMPFIFl9g
[info] 
[info] 3. Paste or enter the authorization code below once you have it:
[info] 
